[debug] [2024-01-29T06:27:05.533Z] ----------------------------------------------------------------------
[debug] [2024-01-29T06:27:05.535Z] Command:       C:\Program Files\nodejs\node.exe C:\Program Files\nodejs\node_modules\firebase-tools\lib\bin\firebase.js deploy
[debug] [2024-01-29T06:27:05.536Z] CLI Version:   13.0.2
[debug] [2024-01-29T06:27:05.536Z] Platform:      win32
[debug] [2024-01-29T06:27:05.536Z] Node Version:  v18.18.2
[debug] [2024-01-29T06:27:05.537Z] Time:          Mon Jan 29 2024 11:57:05 GMT+0530 (India Standard Time)
[debug] [2024-01-29T06:27:05.537Z] ----------------------------------------------------------------------
[debug] 
[debug] [2024-01-29T06:27:05.678Z] > command requires scopes: ["email","openid","https://www.googleapis.com/auth/cloudplatformprojects.readonly","https://www.googleapis.com/auth/firebase","https://www.googleapis.com/auth/cloud-platform"]
[debug] [2024-01-29T06:27:05.679Z] > authorizing via signed-in user (mailtoronakgupta@gmail.com)
[debug] [2024-01-29T06:27:05.679Z] [iam] checking project blitzstarter-d367e for permissions ["firebase.projects.get","firebasehosting.sites.update"]
[debug] [2024-01-29T06:27:05.681Z] >>> [apiv2][query] POST https://cloudresourcemanager.googleapis.com/v1/projects/blitzstarter-d367e:testIamPermissions [none]
[debug] [2024-01-29T06:27:05.681Z] >>> [apiv2][(partial)header] POST https://cloudresourcemanager.googleapis.com/v1/projects/blitzstarter-d367e:testIamPermissions x-goog-quota-user=projects/blitzstarter-d367e
[debug] [2024-01-29T06:27:05.681Z] >>> [apiv2][body] POST https://cloudresourcemanager.googleapis.com/v1/projects/blitzstarter-d367e:testIamPermissions {"permissions":["firebase.projects.get","firebasehosting.sites.update"]}
[debug] [2024-01-29T06:27:07.183Z] <<< [apiv2][status] POST https://cloudresourcemanager.googleapis.com/v1/projects/blitzstarter-d367e:testIamPermissions 200
[debug] [2024-01-29T06:27:07.184Z] <<< [apiv2][body] POST https://cloudresourcemanager.googleapis.com/v1/projects/blitzstarter-d367e:testIamPermissions {"permissions":["firebase.projects.get","firebasehosting.sites.update"]}
[debug] [2024-01-29T06:27:07.185Z] >>> [apiv2][query] GET https://firebase.googleapis.com/v1beta1/projects/blitzstarter-d367e [none]
[debug] [2024-01-29T06:27:07.616Z] <<< [apiv2][status] GET https://firebase.googleapis.com/v1beta1/projects/blitzstarter-d367e 200
[debug] [2024-01-29T06:27:07.617Z] <<< [apiv2][body] GET https://firebase.googleapis.com/v1beta1/projects/blitzstarter-d367e {"projectId":"blitzstarter-d367e","projectNumber":"1061586498672","displayName":"blitzschlag","name":"projects/blitzstarter-d367e","resources":{"hostingSite":"blitzstarter-d367e","storageBucket":"blitzstarter-d367e.appspot.com","locationId":"asia-south1"},"state":"ACTIVE","etag":"1_7a006dfd-fc74-4674-97a1-154d4cb0d731"}
[info] 
   Thank you for trying our early preview of Next.js support on Firebase Hosting.
   During the preview, support is best-effort and breaking changes can be expected. Proceed with caution.

   Documentation: https://firebase.google.com/docs/hosting/frameworks/nextjs
   File a bug: https://github.com/firebase/firebase-tools/issues/new?template=bug_report.md
   Submit a feature request: https://github.com/firebase/firebase-tools/issues/new?template=feature_request.md

   We'd love to learn from you. Express your interest in helping us shape the future of Firebase Hosting: https://goo.gle/41enW5X

[debug] [2024-01-29T06:27:21.646Z] >>> [apiv2][query] GET https://firebasehosting.googleapis.com/v1beta1/projects/blitzstarter-d367e/sites/blitzstarter-d367e [none]
[debug] [2024-01-29T06:27:22.708Z] <<< [apiv2][status] GET https://firebasehosting.googleapis.com/v1beta1/projects/blitzstarter-d367e/sites/blitzstarter-d367e 200
[debug] [2024-01-29T06:27:22.709Z] <<< [apiv2][body] GET https://firebasehosting.googleapis.com/v1beta1/projects/blitzstarter-d367e/sites/blitzstarter-d367e {"name":"projects/blitzstarter-d367e/sites/blitzstarter-d367e","defaultUrl":"https://blitzstarter-d367e.web.app","type":"DEFAULT_SITE"}
[info]    Linting and checking validity of types ...

[info]    ▲ Next.js 14.0.4

[info] 
   Creating an optimized production build ...

[info] 

[info] 🌼   daisyUI 4.4.22

[info] ├─ ✔︎ 1 theme added		https://daisyui.com/docs/themes

[info] ╰─ ★ Star daisyUI on GitHub	https://github.com/saadeghi/daisyui


[info]  ✓ Compiled successfully

[info]    Collecting page data ...

